ERROR - 2022-06-26 23:40:49 --> Error connecting to the database: Access denied for user '****'@'localhost' (using password: NO)
CRITICAL - 2022-06-26 23:40:49 --> Unable to connect to the database.
Main connection [MySQLi]: Access denied for user '****'@'localhost' (using password: NO)
#0 C:\laragon\www\baru\ci4\system\Database\BaseConnection.php(577): CodeIgniter\Database\BaseConnection->initialize()
#1 C:\laragon\www\baru\ci4\system\Database\BaseBuilder.php(1455): CodeIgniter\Database\BaseConnection->query('SELECT *\nFROM `...', Array, false)
#2 C:\laragon\www\baru\ci4\app\Models\PortoModel.php(14): CodeIgniter\Database\BaseBuilder->get()
#3 C:\laragon\www\baru\ci4\app\Controllers\Home.php(16): App\Models\PortoModel->getEdu()
#4 C:\laragon\www\baru\ci4\system\CodeIgniter.php(832): App\Controllers\Home->index()
#5 C:\laragon\www\baru\ci4\system\CodeIgniter.php(419): CodeIgniter\CodeIgniter->runController(Object(App\Controllers\Home))
#6 C:\laragon\www\baru\ci4\system\CodeIgniter.php(326): CodeIgniter\CodeIgniter->handleRequest(NULL, Object(Config\Cache), false)
#7 C:\laragon\www\baru\ci4\public\index.php(37): CodeIgniter\CodeIgniter->run()
#8 C:\laragon\www\baru\ci4\system\Commands\Server\rewrite.php(43): require_once('C:\\laragon\\www\\...')
#9 {main}
ERROR - 2022-06-26 23:40:54 --> Error connecting to the database: Access denied for user '****'@'localhost' (using password: NO)
CRITICAL - 2022-06-26 23:40:54 --> Unable to connect to the database.
Main connection [MySQLi]: Access denied for user '****'@'localhost' (using password: NO)
#0 C:\laragon\www\baru\ci4\system\Database\BaseConnection.php(577): CodeIgniter\Database\BaseConnection->initialize()
#1 C:\laragon\www\baru\ci4\system\Database\BaseBuilder.php(1455): CodeIgniter\Database\BaseConnection->query('SELECT *\nFROM `...', Array, false)
#2 C:\laragon\www\baru\ci4\app\Models\PortoModel.php(14): CodeIgniter\Database\BaseBuilder->get()
#3 C:\laragon\www\baru\ci4\app\Controllers\Home.php(16): App\Models\PortoModel->getEdu()
#4 C:\laragon\www\baru\ci4\system\CodeIgniter.php(832): App\Controllers\Home->index()
#5 C:\laragon\www\baru\ci4\system\CodeIgniter.php(419): CodeIgniter\CodeIgniter->runController(Object(App\Controllers\Home))
#6 C:\laragon\www\baru\ci4\system\CodeIgniter.php(326): CodeIgniter\CodeIgniter->handleRequest(NULL, Object(Config\Cache), false)
#7 C:\laragon\www\baru\ci4\public\index.php(37): CodeIgniter\CodeIgniter->run()
#8 C:\laragon\www\baru\ci4\system\Commands\Server\rewrite.php(43): require_once('C:\\laragon\\www\\...')
#9 {main}
